<?xml version="1.0" encoding="UTF-8"?>
<!-- Generated by org.testng.reporters.JUnitReportReporter -->
<testsuite skipped="0" hostname="DESKTOP-9GU8BET" name="MulRestAssuredTest.RestAssuredDemo" tests="1" failures="0" timestamp="2020-05-31T02:42:06 BDT" time="3.233" errors="0">
  <testcase name="test1" time="3.233" classname="MulRestAssuredTest.RestAssuredDemo"/>
  <system-out/>
</testsuite> <!-- MulRestAssuredTest.RestAssuredDemo -->
