<?xml version="1.0" encoding="UTF-8"?>
<!-- Generated by org.testng.reporters.JUnitReportReporter -->
<testsuite skipped="0" hostname="DESKTOP-9GU8BET" name="com.restApi.datadriven.DDExample1" tests="2" failures="0" timestamp="2020-05-30T06:08:54 BDT" time="1.890" errors="0">
  <testcase name="Test_firstDDex" time="1.851" classname="com.restApi.datadriven.DDExample1"/>
  <system-out/>
  <testcase name="Test_firstDDex" time="0.039" classname="com.restApi.datadriven.DDExample1"/>
  <system-out/>
</testsuite> <!-- com.restApi.datadriven.DDExample1 -->
