<?xml version="1.0" encoding="UTF-8"?>
<!-- Generated by org.testng.reporters.JUnitReportReporter -->
<testsuite skipped="0" hostname="DESKTOP-9GU8BET" name="com.basic.restApi.OwnMadeApiAll" tests="1" failures="0" timestamp="2020-05-30T04:54:02 BDT" time="1.775" errors="0">
  <testcase name="delete_Test" time="1.775" classname="com.basic.restApi.OwnMadeApiAll"/>
  <system-out/>
</testsuite> <!-- com.basic.restApi.OwnMadeApiAll -->
