<?xml version="1.0" encoding="UTF-8"?>
<!-- Generated by org.testng.reporters.JUnitReportReporter -->
<testsuite skipped="0" hostname="DESKTOP-9GU8BET" name="com.basic.restApi.PostMethod" tests="1" failures="0" timestamp="2020-05-30T02:33:33 BDT" time="3.537" errors="0">
  <testcase name="postTest1" time="3.537" classname="com.basic.restApi.PostMethod"/>
  <system-out/>
</testsuite> <!-- com.basic.restApi.PostMethod -->
