<?xml version="1.0" encoding="UTF-8"?>
<!-- Generated by org.testng.reporters.JUnitReportReporter -->
<testsuite skipped="0" hostname="DESKTOP-9GU8BET" name="com.basic.restApi.PutMethod" tests="1" failures="0" timestamp="2020-05-30T02:54:33 BDT" time="3.050" errors="0">
  <testcase name="putTest1" time="3.050" classname="com.basic.restApi.PutMethod"/>
  <system-out/>
</testsuite> <!-- com.basic.restApi.PutMethod -->
