<?xml version="1.0" encoding="UTF-8"?>
<!-- Generated by org.testng.reporters.JUnitReportReporter -->
<testsuite skipped="0" hostname="DESKTOP-9GU8BET" name="com.PostDeleteSeparate.testSuite.PostDeleteSeparateDDRun" tests="1" failures="0" timestamp="2020-05-30T07:08:59 BDT" time="1.918" errors="0">
  <testcase name="Test_DDDelete1" time="1.918" classname="com.PostDeleteSeparate.testSuite.PostDeleteSeparateDDRun"/>
  <system-out/>
</testsuite> <!-- com.PostDeleteSeparate.testSuite.PostDeleteSeparateDDRun -->
