<?xml version="1.0" encoding="UTF-8"?>
<!-- Generated by org.testng.reporters.JUnitReportReporter -->
<testsuite skipped="0" hostname="DESKTOP-9GU8BET" name="com.basic.restApi.DeleteMethod" tests="1" failures="0" timestamp="2020-05-30T04:53:42 BDT" time="3.112" errors="0">
  <testcase name="deleteTest1" time="3.112" classname="com.basic.restApi.DeleteMethod"/>
  <system-out/>
</testsuite> <!-- com.basic.restApi.DeleteMethod -->
