<?xml version="1.0" encoding="UTF-8"?>
<!-- Generated by org.testng.reporters.JUnitReportReporter -->
<testsuite skipped="0" hostname="DESKTOP-9GU8BET" name="com.oauth.restapi.TestDemoOauth2" tests="1" failures="0" timestamp="2020-05-31T04:47:26 BDT" time="2.617" errors="0">
  <testcase name="testapp1" time="2.617" classname="com.oauth.restapi.TestDemoOauth2"/>
  <system-out/>
</testsuite> <!-- com.oauth.restapi.TestDemoOauth2 -->
