<?xml version="1.0" encoding="UTF-8"?>
<!-- Generated by org.testng.reporters.JUnitReportReporter -->
<testsuite skipped="0" hostname="DESKTOP-9GU8BET" name="com.get.restApi.GetMethodR" tests="1" failures="0" timestamp="2020-05-30T00:51:01 BDT" time="3.159" errors="0">
  <testcase name="getTest1" time="3.159" classname="com.get.restApi.GetMethodR"/>
  <system-out/>
</testsuite> <!-- com.get.restApi.GetMethodR -->
