<?xml version="1.0" encoding="UTF-8"?>
<!-- Generated by org.testng.reporters.JUnitReportReporter -->
<testsuite skipped="0" hostname="DESKTOP-9GU8BET" name="com.get.restApi.GetMethod" tests="2" failures="0" timestamp="2020-05-30T00:25:27 BDT" time="4.333" errors="0">
  <testcase name="getTest1" time="1.606" classname="com.get.restApi.GetMethod"/>
  <system-out/>
  <testcase name="getTest" time="2.727" classname="com.get.restApi.GetMethod"/>
  <system-out/>
</testsuite> <!-- com.get.restApi.GetMethod -->
