<?xml version="1.0" encoding="UTF-8"?>
<!-- Generated by org.testng.reporters.JUnitReportReporter -->
<testsuite skipped="0" hostname="DESKTOP-9GU8BET" name="com.basic.restApi.PatchMethod" tests="1" failures="0" timestamp="2020-05-30T03:08:02 BDT" time="3.218" errors="0">
  <testcase name="putTest1" time="3.218" classname="com.basic.restApi.PatchMethod"/>
  <system-out/>
</testsuite> <!-- com.basic.restApi.PatchMethod -->
